Array
(
    [0] => Array
        (
            [0] => 42000
            [SQLSTATE] => 42000
            [1] => 8114
            [code] => 8114
            [2] => [Microsoft][ODBC Driver 17 for SQL Server][SQL Server]Error converting data type varchar to float.
            [message] => [Microsoft][ODBC Driver 17 for SQL Server][SQL Server]Error converting data type varchar to float.
        )

)
Array
(
    [0] => Array
        (
            [0] => 42000
            [SQLSTATE] => 42000
            [1] => 8114
            [code] => 8114
            [2] => [Microsoft][ODBC Driver 17 for SQL Server][SQL Server]Error converting data type varchar to float.
            [message] => [Microsoft][ODBC Driver 17 for SQL Server][SQL Server]Error converting data type varchar to float.
        )

)
Array
(
    [0] => Array
        (
            [0] => 42S22
            [SQLSTATE] => 42S22
            [1] => 207
            [code] => 207
            [2] => [Microsoft][ODBC Driver 17 for SQL Server][SQL Server]Invalid column name 'part_name'.
            [message] => [Microsoft][ODBC Driver 17 for SQL Server][SQL Server]Invalid column name 'part_name'.
        )

    [1] => Array
        (
            [0] => 42S22
            [SQLSTATE] => 42S22
            [1] => 207
            [code] => 207
            [2] => [Microsoft][ODBC Driver 17 for SQL Server][SQL Server]Invalid column name 'time_start'.
            [message] => [Microsoft][ODBC Driver 17 for SQL Server][SQL Server]Invalid column name 'time_start'.
        )

    [2] => Array
        (
            [0] => 42S22
            [SQLSTATE] => 42S22
            [1] => 207
            [code] => 207
            [2] => [Microsoft][ODBC Driver 17 for SQL Server][SQL Server]Invalid column name 'time_end'.
            [message] => [Microsoft][ODBC Driver 17 for SQL Server][SQL Server]Invalid column name 'time_end'.
        )

    [3] => Array
        (
            [0] => 42S22
            [SQLSTATE] => 42S22
            [1] => 207
            [code] => 207
            [2] => [Microsoft][ODBC Driver 17 for SQL Server][SQL Server]Invalid column name 'inspected_by'.
            [message] => [Microsoft][ODBC Driver 17 for SQL Server][SQL Server]Invalid column name 'inspected_by'.
        )

    [4] => Array
        (
            [0] => 42S22
            [SQLSTATE] => 42S22
            [1] => 207
            [code] => 207
            [2] => [Microsoft][ODBC Driver 17 for SQL Server][SQL Server]Invalid column name 'shift'.
            [message] => [Microsoft][ODBC Driver 17 for SQL Server][SQL Server]Invalid column name 'shift'.
        )

    [5] => Array
        (
            [0] => 42S22
            [SQLSTATE] => 42S22
            [1] => 207
            [code] => 207
            [2] => [Microsoft][ODBC Driver 17 for SQL Server][SQL Server]Invalid column name 'inspection_date'.
            [message] => [Microsoft][ODBC Driver 17 for SQL Server][SQL Server]Invalid column name 'inspection_date'.
        )

    [6] => Array
        (
            [0] => 42S22
            [SQLSTATE] => 42S22
            [1] => 207
            [code] => 207
            [2] => [Microsoft][ODBC Driver 17 for SQL Server][SQL Server]Invalid column name 'total_mins'.
            [message] => [Microsoft][ODBC Driver 17 for SQL Server][SQL Server]Invalid column name 'total_mins'.
        )

    [7] => Array
        (
            [0] => 42S22
            [SQLSTATE] => 42S22
            [1] => 207
            [code] => 207
            [2] => [Microsoft][ODBC Driver 17 for SQL Server][SQL Server]Invalid column name 'slit_condition'.
            [message] => [Microsoft][ODBC Driver 17 for SQL Server][SQL Server]Invalid column name 'slit_condition'.
        )

    [8] => Array
        (
            [0] => 42S22
            [SQLSTATE] => 42S22
            [1] => 207
            [code] => 207
            [2] => [Microsoft][ODBC Driver 17 for SQL Server][SQL Server]Invalid column name 'inside_appearance'.
            [message] => [Microsoft][ODBC Driver 17 for SQL Server][SQL Server]Invalid column name 'inside_appearance'.
        )

    [9] => Array
        (
            [0] => 42S22
            [SQLSTATE] => 42S22
            [1] => 207
            [code] => 207
            [2] => [Microsoft][ODBC Driver 17 for SQL Server][SQL Server]Invalid column name 'color'.
            [message] => [Microsoft][ODBC Driver 17 for SQL Server][SQL Server]Invalid column name 'color'.
        )

    [10] => Array
        (
            [0] => 42S22
            [SQLSTATE] => 42S22
            [1] => 207
            [code] => 207
            [2] => [Microsoft][ODBC Driver 17 for SQL Server][SQL Server]Invalid column name 'using_round_bar'.
            [message] => [Microsoft][ODBC Driver 17 for SQL Server][SQL Server]Invalid column name 'using_round_bar'.
        )

    [11] => Array
        (
            [0] => 42S22
            [SQLSTATE] => 42S22
            [1] => 207
            [code] => 207
            [2] => [Microsoft][ODBC Driver 17 for SQL Server][SQL Server]Invalid column name 'using_bare_hands'.
            [message] => [Microsoft][ODBC Driver 17 for SQL Server][SQL Server]Invalid column name 'using_bare_hands'.
        )

    [12] => Array
        (
            [0] => 42S22
            [SQLSTATE] => 42S22
            [1] => 207
            [code] => 207
            [2] => [Microsoft][ODBC Driver 17 for SQL Server][SQL Server]Invalid column name 'appearance_judgement'.
            [message] => [Microsoft][ODBC Driver 17 for SQL Server][SQL Server]Invalid column name 'appearance_judgement'.
        )

    [13] => Array
        (
            [0] => 42S22
            [SQLSTATE] => 42S22
            [1] => 207
            [code] => 207
            [2] => [Microsoft][ODBC Driver 17 for SQL Server][SQL Server]Invalid column name 'dimension_judgement'.
            [message] => [Microsoft][ODBC Driver 17 for SQL Server][SQL Server]Invalid column name 'dimension_judgement'.
        )

    [14] => Array
        (
            [0] => 42S22
            [SQLSTATE] => 42S22
            [1] => 207
            [code] => 207
            [2] => [Microsoft][ODBC Driver 17 for SQL Server][SQL Server]Invalid column name 'ng_quantity'.
            [message] => [Microsoft][ODBC Driver 17 for SQL Server][SQL Server]Invalid column name 'ng_quantity'.
        )

    [15] => Array
        (
            [0] => 42S22
            [SQLSTATE] => 42S22
            [1] => 207
            [code] => 207
            [2] => [Microsoft][ODBC Driver 17 for SQL Server][SQL Server]Invalid column name 'defect_type'.
            [message] => [Microsoft][ODBC Driver 17 for SQL Server][SQL Server]Invalid column name 'defect_type'.
        )

    [16] => Array
        (
            [0] => 42S22
            [SQLSTATE] => 42S22
            [1] => 207
            [code] => 207
            [2] => [Microsoft][ODBC Driver 17 for SQL Server][SQL Server]Invalid column name 'confirm_by'.
            [message] => [Microsoft][ODBC Driver 17 for SQL Server][SQL Server]Invalid column name 'confirm_by'.
        )

    [17] => Array
        (
            [0] => 42S22
            [SQLSTATE] => 42S22
            [1] => 207
            [code] => 207
            [2] => [Microsoft][ODBC Driver 17 for SQL Server][SQL Server]Invalid column name 'remarks'.
            [message] => [Microsoft][ODBC Driver 17 for SQL Server][SQL Server]Invalid column name 'remarks'.
        )

    [18] => Array
        (
            [0] => 42S22
            [SQLSTATE] => 42S22
            [1] => 207
            [code] => 207
            [2] => [Microsoft][ODBC Driver 17 for SQL Server][SQL Server]Invalid column name 'process'.
            [message] => [Microsoft][ODBC Driver 17 for SQL Server][SQL Server]Invalid column name 'process'.
        )

    [19] => Array
        (
            [0] => 42S22
            [SQLSTATE] => 42S22
            [1] => 207
            [code] => 207
            [2] => [Microsoft][ODBC Driver 17 for SQL Server][SQL Server]Invalid column name 'serial_no'.
            [message] => [Microsoft][ODBC Driver 17 for SQL Server][SQL Server]Invalid column name 'serial_no'.
        )

    [20] => Array
        (
            [0] => 42S22
            [SQLSTATE] => 42S22
            [1] => 207
            [code] => 207
            [2] => [Microsoft][ODBC Driver 17 for SQL Server][SQL Server]Invalid column name 'lot_no'.
            [message] => [Microsoft][ODBC Driver 17 for SQL Server][SQL Server]Invalid column name 'lot_no'.
        )

    [21] => Array
        (
            [0] => 42000
            [SQLSTATE] => 42000
            [1] => 8180
            [code] => 8180
            [2] => [Microsoft][ODBC Driver 17 for SQL Server][SQL Server]Statement(s) could not be prepared.
            [message] => [Microsoft][ODBC Driver 17 for SQL Server][SQL Server]Statement(s) could not be prepared.
        )

)
Array
(
    [0] => Array
        (
            [0] => 42S22
            [SQLSTATE] => 42S22
            [1] => 207
            [code] => 207
            [2] => [Microsoft][ODBC Driver 17 for SQL Server][SQL Server]Invalid column name 'inspection_date'.
            [message] => [Microsoft][ODBC Driver 17 for SQL Server][SQL Server]Invalid column name 'inspection_date'.
        )

    [1] => Array
        (
            [0] => 42S22
            [SQLSTATE] => 42S22
            [1] => 207
            [code] => 207
            [2] => [Microsoft][ODBC Driver 17 for SQL Server][SQL Server]Invalid column name 'total_mins'.
            [message] => [Microsoft][ODBC Driver 17 for SQL Server][SQL Server]Invalid column name 'total_mins'.
        )

    [2] => Array
        (
            [0] => 42S22
            [SQLSTATE] => 42S22
            [1] => 207
            [code] => 207
            [2] => [Microsoft][ODBC Driver 17 for SQL Server][SQL Server]Invalid column name 'dimension_judgement'.
            [message] => [Microsoft][ODBC Driver 17 for SQL Server][SQL Server]Invalid column name 'dimension_judgement'.
        )

    [3] => Array
        (
            [0] => 42S22
            [SQLSTATE] => 42S22
            [1] => 207
            [code] => 207
            [2] => [Microsoft][ODBC Driver 17 for SQL Server][SQL Server]Invalid column name 'remarks'.
            [message] => [Microsoft][ODBC Driver 17 for SQL Server][SQL Server]Invalid column name 'remarks'.
        )

    [4] => Array
        (
            [0] => 42S22
            [SQLSTATE] => 42S22
            [1] => 207
            [code] => 207
            [2] => [Microsoft][ODBC Driver 17 for SQL Server][SQL Server]Invalid column name 'process'.
            [message] => [Microsoft][ODBC Driver 17 for SQL Server][SQL Server]Invalid column name 'process'.
        )

    [5] => Array
        (
            [0] => 42000
            [SQLSTATE] => 42000
            [1] => 8180
            [code] => 8180
            [2] => [Microsoft][ODBC Driver 17 for SQL Server][SQL Server]Statement(s) could not be prepared.
            [message] => [Microsoft][ODBC Driver 17 for SQL Server][SQL Server]Statement(s) could not be prepared.
        )

)
Array
(
    [0] => Array
        (
            [0] => 42S22
            [SQLSTATE] => 42S22
            [1] => 207
            [code] => 207
            [2] => [Microsoft][ODBC Driver 17 for SQL Server][SQL Server]Invalid column name 'inspection_date'.
            [message] => [Microsoft][ODBC Driver 17 for SQL Server][SQL Server]Invalid column name 'inspection_date'.
        )

    [1] => Array
        (
            [0] => 42000
            [SQLSTATE] => 42000
            [1] => 8180
            [code] => 8180
            [2] => [Microsoft][ODBC Driver 17 for SQL Server][SQL Server]Statement(s) could not be prepared.
            [message] => [Microsoft][ODBC Driver 17 for SQL Server][SQL Server]Statement(s) could not be prepared.
        )

)
